[2025-12-23 10:35:57.260] [INFO] [main] [c.c.DataCompareApplication] - Starting DataCompareApplication using Java 17.0.11 with PID 40080 (D:\workplace\dataCompare\target\classes started by wjx in D:\workplace\dataCompare)
[2025-12-23 10:35:57.262] [INFO] [main] [c.c.DataCompareApplication] - No active profile set, falling back to 1 default profile: "default"
[2025-12-23 10:36:01.971] [INFO] [main] [o.s.d.r.c.RepositoryConfigurationDelegate] - Multiple Spring Data modules found, entering strict repository configuration mode
[2025-12-23 10:36:01.977] [INFO] [main] [o.s.d.r.c.RepositoryConfigurationDelegate] - Bootstrapping Spring Data Redis repositories in DEFAULT mode.
[2025-12-23 10:36:02.051] [INFO] [main] [o.s.d.r.c.RepositoryConfigurationDelegate] - Finished Spring Data repository scanning in 45 ms. Found 0 Redis repository interfaces.
[2025-12-23 10:36:02.219] [WARN] [main] [o.m.s.m.ClassPathMapperScanner] - Skipping MapperFactoryBean with name 'commonDataMapper' and 'com.crunchydata.mapper.CommonDataMapper' mapperInterface. Bean already defined with the same name!
[2025-12-23 10:36:02.219] [WARN] [main] [o.m.s.m.ClassPathMapperScanner] - Skipping MapperFactoryBean with name 'databaseUtilMapper' and 'com.crunchydata.mapper.DatabaseUtilMapper' mapperInterface. Bean already defined with the same name!
[2025-12-23 10:36:02.219] [WARN] [main] [o.m.s.m.ClassPathMapperScanner] - Skipping MapperFactoryBean with name 'DCConfigurationsMapper' and 'com.crunchydata.mapper.DCConfigurationsMapper' mapperInterface. Bean already defined with the same name!
[2025-12-23 10:36:02.219] [WARN] [main] [o.m.s.m.ClassPathMapperScanner] - Skipping MapperFactoryBean with name 'DCProjectMapper' and 'com.crunchydata.mapper.DCProjectMapper' mapperInterface. Bean already defined with the same name!
[2025-12-23 10:36:02.219] [WARN] [main] [o.m.s.m.ClassPathMapperScanner] - Skipping MapperFactoryBean with name 'DCReconciliateResultMapper' and 'com.crunchydata.mapper.DCReconciliateResultMapper' mapperInterface. Bean already defined with the same name!
[2025-12-23 10:36:02.219] [WARN] [main] [o.m.s.m.ClassPathMapperScanner] - Skipping MapperFactoryBean with name 'DCResultMapper' and 'com.crunchydata.mapper.DCResultMapper' mapperInterface. Bean already defined with the same name!
[2025-12-23 10:36:02.219] [WARN] [main] [o.m.s.m.ClassPathMapperScanner] - Skipping MapperFactoryBean with name 'DCSourceMapper' and 'com.crunchydata.mapper.DCSourceMapper' mapperInterface. Bean already defined with the same name!
[2025-12-23 10:36:02.219] [WARN] [main] [o.m.s.m.ClassPathMapperScanner] - Skipping MapperFactoryBean with name 'DCTableHistoryMapper' and 'com.crunchydata.mapper.DCTableHistoryMapper' mapperInterface. Bean already defined with the same name!
[2025-12-23 10:36:02.219] [WARN] [main] [o.m.s.m.ClassPathMapperScanner] - Skipping MapperFactoryBean with name 'DCTableMapper' and 'com.crunchydata.mapper.DCTableMapper' mapperInterface. Bean already defined with the same name!
[2025-12-23 10:36:02.219] [WARN] [main] [o.m.s.m.ClassPathMapperScanner] - Skipping MapperFactoryBean with name 'DCTargetMapper' and 'com.crunchydata.mapper.DCTargetMapper' mapperInterface. Bean already defined with the same name!
[2025-12-23 10:36:02.219] [WARN] [main] [o.m.s.m.ClassPathMapperScanner] - Skipping MapperFactoryBean with name 'jobDataContrastMapper' and 'com.crunchydata.mapper.JobDataContrastMapper' mapperInterface. Bean already defined with the same name!
[2025-12-23 10:36:02.219] [WARN] [main] [o.m.s.m.ClassPathMapperScanner] - Skipping MapperFactoryBean with name 'jobJdbcDataSourceMapper' and 'com.crunchydata.mapper.JobJdbcDataSourceMapper' mapperInterface. Bean already defined with the same name!
[2025-12-23 10:36:02.221] [WARN] [main] [o.m.s.m.ClassPathMapperScanner] - Skipping MapperFactoryBean with name 'sysOperationLogMapper' and 'com.crunchydata.system.mapper.SysOperationLogMapper' mapperInterface. Bean already defined with the same name!
[2025-12-23 10:36:02.221] [WARN] [main] [o.m.s.m.ClassPathMapperScanner] - Skipping MapperFactoryBean with name 'sysResourceMapper' and 'com.crunchydata.system.mapper.SysResourceMapper' mapperInterface. Bean already defined with the same name!
[2025-12-23 10:36:02.221] [WARN] [main] [o.m.s.m.ClassPathMapperScanner] - Skipping MapperFactoryBean with name 'sysRoleMapper' and 'com.crunchydata.system.mapper.SysRoleMapper' mapperInterface. Bean already defined with the same name!
[2025-12-23 10:36:02.221] [WARN] [main] [o.m.s.m.ClassPathMapperScanner] - Skipping MapperFactoryBean with name 'sysRoleResourceMapper' and 'com.crunchydata.system.mapper.SysRoleResourceMapper' mapperInterface. Bean already defined with the same name!
[2025-12-23 10:36:02.221] [WARN] [main] [o.m.s.m.ClassPathMapperScanner] - Skipping MapperFactoryBean with name 'sysUserMapper' and 'com.crunchydata.system.mapper.SysUserMapper' mapperInterface. Bean already defined with the same name!
[2025-12-23 10:36:02.221] [WARN] [main] [o.m.s.m.ClassPathMapperScanner] - Skipping MapperFactoryBean with name 'sysUserRoleMapper' and 'com.crunchydata.system.mapper.SysUserRoleMapper' mapperInterface. Bean already defined with the same name!
[2025-12-23 10:36:02.221] [WARN] [main] [o.m.s.m.ClassPathMapperScanner] - No MyBatis mapper was found in '[com.crunchydata.mapper, com.crunchydata.system.mapper]' package. Please check your configuration.
[2025-12-23 10:36:03.445] [INFO] [main] [o.s.b.w.e.t.TomcatWebServer] - Tomcat initialized with port 8080 (http)
[2025-12-23 10:36:03.466] [INFO] [main] [o.a.c.h.Http11NioProtocol] - Initializing ProtocolHandler ["http-nio-8080"]
[2025-12-23 10:36:03.470] [INFO] [main] [o.a.c.c.StandardService] - Starting service [Tomcat]
[2025-12-23 10:36:03.470] [INFO] [main] [o.a.c.c.StandardEngine] - Starting Servlet engine: [Apache Tomcat/10.1.26]
[2025-12-23 10:36:03.568] [INFO] [main] [o.a.c.c.C.[.[.[/]] - Initializing Spring embedded WebApplicationContext
[2025-12-23 10:36:03.568] [INFO] [main] [o.s.b.w.s.c.ServletWebServerApplicationContext] - Root WebApplicationContext: initialization completed in 6256 ms
[2025-12-23 10:36:04.528] [WARN] [main] [c.b.m.c.m.TableInfoHelper] - Can not find table primary key in Class: "com.crunchydata.models.DCResult".
[2025-12-23 10:36:04.528] [WARN] [main] [c.b.m.c.i.DefaultSqlInjector] - class com.crunchydata.models.DCResult ,Not found @TableId annotation, Cannot use Mybatis-Plus 'xxById' Method.
[2025-12-23 10:36:04.636] [WARN] [main] [c.b.m.c.m.TableInfoHelper] - This primary key of "id" is primitive !不建议如此请使用包装类 in Class: "com.crunchydata.models.JobDataContrast"
[2025-12-23 10:36:04.641] [WARN] [main] [c.b.m.c.i.m.Delete] - [com.crunchydata.mapper.JobDataContrastMapper.delete] Has been loaded by XML or SqlProvider or Mybatis's Annotation, so ignoring this injection for [class com.baomidou.mybatisplus.core.injector.methods.Delete]
[2025-12-23 10:36:04.642] [WARN] [main] [c.b.m.c.i.m.Update] - [com.crunchydata.mapper.JobDataContrastMapper.update] Has been loaded by XML or SqlProvider or Mybatis's Annotation, so ignoring this injection for [class com.baomidou.mybatisplus.core.injector.methods.Update]
[2025-12-23 10:36:04.713] [WARN] [main] [c.b.m.c.i.m.Update] - [com.crunchydata.mapper.JobJdbcDataSourceMapper.update] Has been loaded by XML or SqlProvider or Mybatis's Annotation, so ignoring this injection for [class com.baomidou.mybatisplus.core.injector.methods.Update]
[2025-12-23 10:36:05.314] [WARN] [main] [c.b.m.c.m.TableInfoHelper] - Can not find table primary key in Class: "com.crunchydata.models.DCTable".
[2025-12-23 10:36:05.314] [WARN] [main] [c.b.m.c.i.DefaultSqlInjector] - class com.crunchydata.models.DCTable ,Not found @TableId annotation, Cannot use Mybatis-Plus 'xxById' Method.
[2025-12-23 10:36:05.338] [WARN] [main] [c.b.m.c.m.TableInfoHelper] - Can not find table primary key in Class: "com.crunchydata.models.DCTableHistory".
[2025-12-23 10:36:05.340] [WARN] [main] [c.b.m.c.i.DefaultSqlInjector] - class com.crunchydata.models.DCTableHistory ,Not found @TableId annotation, Cannot use Mybatis-Plus 'xxById' Method.
[2025-12-23 10:36:05.388] [WARN] [main] [c.b.m.c.m.TableInfoHelper] - Can not find table primary key in Class: "java.lang.Object".
[2025-12-23 10:36:05.389] [WARN] [main] [c.b.m.c.i.DefaultSqlInjector] - class java.lang.Object ,Not found @TableId annotation, Cannot use Mybatis-Plus 'xxById' Method.
[2025-12-23 10:36:06.348] [INFO] [main] [o.s.s.c.a.a.c.InitializeUserDetailsBeanManagerConfigurer$InitializeUserDetailsManagerConfigurer] - Global AuthenticationManager configured with UserDetailsService bean with name userDetailsServiceImpl
[2025-12-23 10:36:07.001] [INFO] [main] [o.s.b.a.e.w.EndpointLinksResolver] - Exposing 1 endpoint beneath base path '/actuator'
[2025-12-23 10:36:07.859] [INFO] [main] [o.a.c.h.Http11NioProtocol] - Starting ProtocolHandler ["http-nio-8080"]
[2025-12-23 10:36:07.880] [INFO] [main] [o.s.b.w.e.t.TomcatWebServer] - Tomcat started on port 8080 (http) with context path '/'
[2025-12-23 10:36:07.901] [INFO] [main] [c.c.DataCompareApplication] - Started DataCompareApplication in 11.226 seconds (process running for 16.995)
[2025-12-23 10:37:46.479] [INFO] [http-nio-8080-exec-1] [o.a.c.c.C.[.[.[/]] - Initializing Spring DispatcherServlet 'dispatcherServlet'
[2025-12-23 10:37:46.480] [INFO] [http-nio-8080-exec-1] [o.s.w.s.DispatcherServlet] - Initializing Servlet 'dispatcherServlet'
[2025-12-23 10:37:46.483] [INFO] [http-nio-8080-exec-1] [o.s.w.s.DispatcherServlet] - Completed initialization in 3 ms
[2025-12-23 10:37:47.547] [INFO] [http-nio-8080-exec-2] [c.z.h.HikariDataSource] - HikariPool-1 - Starting...
[2025-12-23 10:37:48.140] [INFO] [http-nio-8080-exec-2] [c.z.h.p.HikariPool] - HikariPool-1 - Added connection org.postgresql.jdbc.PgConnection@22e78643
[2025-12-23 10:37:48.146] [INFO] [http-nio-8080-exec-2] [c.z.h.HikariDataSource] - HikariPool-1 - Start completed.
[2025-12-23 12:42:40.855] [INFO] [http-nio-8080-exec-4] [c.z.h.HikariDataSource] - HikariPool-2 - Starting...
[2025-12-23 12:42:41.019] [INFO] [http-nio-8080-exec-4] [c.z.h.HikariDataSource] - HikariPool-2 - Start completed.
[2025-12-23 12:48:08.287] [WARN] [http-nio-8080-exec-9] [o.s.w.s.PageNotFound] - No mapping for OPTIONS /api/pgCompare/compareLogDetail
[2025-12-23 12:48:08.334] [ERROR] [http-nio-8080-exec-9] [c.c.s.e.GlobalExceptionHandler] - No endpoint OPTIONS /api/pgCompare/compareLogDetail.
org.springframework.web.servlet.NoHandlerFoundException: No endpoint OPTIONS /api/pgCompare/compareLogDetail.
	at org.springframework.web.servlet.DispatcherServlet.noHandlerFound(DispatcherServlet.java:1304)
	at org.springframework.web.servlet.DispatcherServlet.doDispatch(DispatcherServlet.java:1067)
	at org.springframework.web.servlet.DispatcherServlet.doService(DispatcherServlet.java:979)
	at org.springframework.web.servlet.FrameworkServlet.processRequest(FrameworkServlet.java:1014)
	at org.springframework.web.servlet.FrameworkServlet.doOptions(FrameworkServlet.java:950)
	at jakarta.servlet.http.HttpServlet.service(HttpServlet.java:599)
	at org.springframework.web.servlet.FrameworkServlet.service(FrameworkServlet.java:885)
	at jakarta.servlet.http.HttpServlet.service(HttpServlet.java:658)
	at org.apache.catalina.core.ApplicationFilterChain.internalDoFilter(ApplicationFilterChain.java:195)
	at org.apache.catalina.core.ApplicationFilterChain.doFilter(ApplicationFilterChain.java:140)
	at org.apache.tomcat.websocket.server.WsFilter.doFilter(WsFilter.java:51)
	at org.apache.catalina.core.ApplicationFilterChain.internalDoFilter(ApplicationFilterChain.java:164)
	at org.apache.catalina.core.ApplicationFilterChain.doFilter(ApplicationFilterChain.java:140)
	at org.springframework.web.filter.OncePerRequestFilter.doFilter(OncePerRequestFilter.java:110)
	at org.apache.catalina.core.ApplicationFilterChain.internalDoFilter(ApplicationFilterChain.java:164)
	at org.apache.catalina.core.ApplicationFilterChain.doFilter(ApplicationFilterChain.java:140)
	at org.springframework.web.filter.CompositeFilter$VirtualFilterChain.doFilter(CompositeFilter.java:108)
	at org.springframework.security.web.FilterChainProxy.lambda$doFilterInternal$3(FilterChainProxy.java:231)
	at org.springframework.security.web.ObservationFilterChainDecorator$FilterObservation$SimpleFilterObservation.lambda$wrap$1(ObservationFilterChainDecorator.java:479)
	at org.springframework.security.web.ObservationFilterChainDecorator$AroundFilterObservation$SimpleAroundFilterObservation.lambda$wrap$1(ObservationFilterChainDecorator.java:340)
	at org.springframework.security.web.ObservationFilterChainDecorator.lambda$wrapSecured$0(ObservationFilterChainDecorator.java:82)
	at org.springframework.security.web.ObservationFilterChainDecorator$VirtualFilterChain.doFilter(ObservationFilterChainDecorator.java:128)
	at org.springframework.security.web.access.intercept.AuthorizationFilter.doFilter(AuthorizationFilter.java:100)
	at org.springframework.security.web.ObservationFilterChainDecorator$ObservationFilter.wrapFilter(ObservationFilterChainDecorator.java:240)
	at org.springframework.security.web.ObservationFilterChainDecorator$ObservationFilter.doFilter(ObservationFilterChainDecorator.java:227)
	at org.springframework.security.web.ObservationFilterChainDecorator$VirtualFilterChain.doFilter(ObservationFilterChainDecorator.java:137)
	at org.springframework.security.web.access.ExceptionTranslationFilter.doFilter(ExceptionTranslationFilter.java:126)
	at org.springframework.security.web.access.ExceptionTranslationFilter.doFilter(ExceptionTranslationFilter.java:120)
	at org.springframework.security.web.ObservationFilterChainDecorator$ObservationFilter.wrapFilter(ObservationFilterChainDecorator.java:240)
	at org.springframework.security.web.ObservationFilterChainDecorator$ObservationFilter.doFilter(ObservationFilterChainDecorator.java:227)
	at org.springframework.security.web.ObservationFilterChainDecorator$VirtualFilterChain.doFilter(ObservationFilterChainDecorator.java:137)
	at org.springframework.security.web.authentication.AnonymousAuthenticationFilter.doFilter(AnonymousAuthenticationFilter.java:100)
	at org.springframework.security.web.ObservationFilterChainDecorator$ObservationFilter.wrapFilter(ObservationFilterChainDecorator.java:240)
	at org.springframework.security.web.ObservationFilterChainDecorator$ObservationFilter.doFilter(ObservationFilterChainDecorator.java:227)
	at org.springframework.security.web.ObservationFilterChainDecorator$VirtualFilterChain.doFilter(ObservationFilterChainDecorator.java:137)
	at org.springframework.security.web.servletapi.SecurityContextHolderAwareRequestFilter.doFilter(SecurityContextHolderAwareRequestFilter.java:179)
	at org.springframework.security.web.ObservationFilterChainDecorator$ObservationFilter.wrapFilter(ObservationFilterChainDecorator.java:240)
	at org.springframework.security.web.ObservationFilterChainDecorator$ObservationFilter.doFilter(ObservationFilterChainDecorator.java:227)
	at org.springframework.security.web.ObservationFilterChainDecorator$VirtualFilterChain.doFilter(ObservationFilterChainDecorator.java:137)
	at org.springframework.security.web.savedrequest.RequestCacheAwareFilter.doFilter(RequestCacheAwareFilter.java:63)
	at org.springframework.security.web.ObservationFilterChainDecorator$ObservationFilter.wrapFilter(ObservationFilterChainDecorator.java:240)
	at org.springframework.security.web.ObservationFilterChainDecorator$ObservationFilter.doFilter(ObservationFilterChainDecorator.java:227)
	at org.springframework.security.web.ObservationFilterChainDecorator$VirtualFilterChain.doFilter(ObservationFilterChainDecorator.java:137)
	at com.crunchydata.system.component.security.filter.JwtAuthenticationTokenFilter.doFilterInternal(JwtAuthenticationTokenFilter.java:76)
	at org.springframework.web.filter.OncePerRequestFilter.doFilter(OncePerRequestFilter.java:116)
	at org.springframework.security.web.ObservationFilterChainDecorator$ObservationFilter.wrapFilter(ObservationFilterChainDecorator.java:240)
	at org.springframework.security.web.ObservationFilterChainDecorator$ObservationFilter.doFilter(ObservationFilterChainDecorator.java:227)
	at org.springframework.security.web.ObservationFilterChainDecorator$VirtualFilterChain.doFilter(ObservationFilterChainDecorator.java:137)
	at org.springframework.security.web.authentication.logout.LogoutFilter.doFilter(LogoutFilter.java:107)
	at org.springframework.security.web.authentication.logout.LogoutFilter.doFilter(LogoutFilter.java:93)
	at org.springframework.security.web.ObservationFilterChainDecorator$ObservationFilter.wrapFilter(ObservationFilterChainDecorator.java:240)
	at org.springframework.security.web.ObservationFilterChainDecorator$ObservationFilter.doFilter(ObservationFilterChainDecorator.java:227)
	at org.springframework.security.web.ObservationFilterChainDecorator$VirtualFilterChain.doFilter(ObservationFilterChainDecorator.java:137)
	at org.springframework.security.web.header.HeaderWriterFilter.doHeadersAfter(HeaderWriterFilter.java:90)
	at org.springframework.security.web.header.HeaderWriterFilter.doFilterInternal(HeaderWriterFilter.java:75)
	at org.springframework.web.filter.OncePerRequestFilter.doFilter(OncePerRequestFilter.java:116)
	at org.springframework.security.web.ObservationFilterChainDecorator$ObservationFilter.wrapFilter(ObservationFilterChainDecorator.java:240)
	at org.springframework.security.web.ObservationFilterChainDecorator$ObservationFilter.doFilter(ObservationFilterChainDecorator.java:227)
	at org.springframework.security.web.ObservationFilterChainDecorator$VirtualFilterChain.doFilter(ObservationFilterChainDecorator.java:137)
	at org.springframework.security.web.context.SecurityContextHolderFilter.doFilter(SecurityContextHolderFilter.java:82)
	at org.springframework.security.web.context.SecurityContextHolderFilter.doFilter(SecurityContextHolderFilter.java:69)
	at org.springframework.security.web.ObservationFilterChainDecorator$ObservationFilter.wrapFilter(ObservationFilterChainDecorator.java:240)
	at org.springframework.security.web.ObservationFilterChainDecorator$ObservationFilter.doFilter(ObservationFilterChainDecorator.java:227)
	at org.springframework.security.web.ObservationFilterChainDecorator$VirtualFilterChain.doFilter(ObservationFilterChainDecorator.java:137)
	at org.springframework.security.web.context.request.async.WebAsyncManagerIntegrationFilter.doFilterInternal(WebAsyncManagerIntegrationFilter.java:62)
	at org.springframework.web.filter.OncePerRequestFilter.doFilter(OncePerRequestFilter.java:116)
	at org.springframework.security.web.ObservationFilterChainDecorator$ObservationFilter.wrapFilter(ObservationFilterChainDecorator.java:240)
	at org.springframework.security.web.ObservationFilterChainDecorator$AroundFilterObservation$SimpleAroundFilterObservation.lambda$wrap$0(ObservationFilterChainDecorator.java:323)
	at org.springframework.security.web.ObservationFilterChainDecorator$ObservationFilter.doFilter(ObservationFilterChainDecorator.java:224)
	at org.springframework.security.web.ObservationFilterChainDecorator$VirtualFilterChain.doFilter(ObservationFilterChainDecorator.java:137)
	at org.springframework.security.web.FilterChainProxy.doFilterInternal(FilterChainProxy.java:233)
	at org.springframework.security.web.FilterChainProxy.doFilter(FilterChainProxy.java:191)
	at org.springframework.web.filter.CompositeFilter$VirtualFilterChain.doFilter(CompositeFilter.java:113)
	at org.springframework.web.servlet.handler.HandlerMappingIntrospector.lambda$createCacheFilter$3(HandlerMappingIntrospector.java:195)
	at org.springframework.web.filter.CompositeFilter$VirtualFilterChain.doFilter(CompositeFilter.java:113)
	at org.springframework.web.filter.CompositeFilter.doFilter(CompositeFilter.java:74)
	at org.springframework.security.config.annotation.web.configuration.WebMvcSecurityConfiguration$CompositeFilterChainProxy.doFilter(WebMvcSecurityConfiguration.java:230)
	at org.springframework.web.filter.DelegatingFilterProxy.invokeDelegate(DelegatingFilterProxy.java:352)
	at org.springframework.web.filter.DelegatingFilterProxy.doFilter(DelegatingFilterProxy.java:268)
	at org.apache.catalina.core.ApplicationFilterChain.internalDoFilter(ApplicationFilterChain.java:164)
	at org.apache.catalina.core.ApplicationFilterChain.doFilter(ApplicationFilterChain.java:140)
	at org.springframework.web.filter.ServerHttpObservationFilter.doFilterInternal(ServerHttpObservationFilter.java:113)
	at org.springframework.web.filter.OncePerRequestFilter.doFilter(OncePerRequestFilter.java:116)
	at org.apache.catalina.core.ApplicationFilterChain.internalDoFilter(ApplicationFilterChain.java:164)
	at org.apache.catalina.core.ApplicationFilterChain.doFilter(ApplicationFilterChain.java:140)
	at org.springframework.web.filter.CharacterEncodingFilter.doFilterInternal(CharacterEncodingFilter.java:201)
	at org.springframework.web.filter.OncePerRequestFilter.doFilter(OncePerRequestFilter.java:116)
	at org.apache.catalina.core.ApplicationFilterChain.internalDoFilter(ApplicationFilterChain.java:164)
	at org.apache.catalina.core.ApplicationFilterChain.doFilter(ApplicationFilterChain.java:140)
	at org.apache.catalina.core.StandardWrapperValve.invoke(StandardWrapperValve.java:167)
	at org.apache.catalina.core.StandardContextValve.invoke(StandardContextValve.java:90)
	at org.apache.catalina.authenticator.AuthenticatorBase.invoke(AuthenticatorBase.java:483)
	at org.apache.catalina.core.StandardHostValve.invoke(StandardHostValve.java:115)
	at org.apache.catalina.valves.ErrorReportValve.invoke(ErrorReportValve.java:93)
	at org.apache.catalina.core.StandardEngineValve.invoke(StandardEngineValve.java:74)
	at org.apache.catalina.connector.CoyoteAdapter.service(CoyoteAdapter.java:344)
	at org.apache.coyote.http11.Http11Processor.service(Http11Processor.java:389)
	at org.apache.coyote.AbstractProcessorLight.process(AbstractProcessorLight.java:63)
	at org.apache.coyote.AbstractProtocol$ConnectionHandler.process(AbstractProtocol.java:904)
	at org.apache.tomcat.util.net.NioEndpoint$SocketProcessor.doRun(NioEndpoint.java:1741)
	at org.apache.tomcat.util.net.SocketProcessorBase.run(SocketProcessorBase.java:52)
	at org.apache.tomcat.util.threads.ThreadPoolExecutor.runWorker(ThreadPoolExecutor.java:1190)
	at org.apache.tomcat.util.threads.ThreadPoolExecutor$Worker.run(ThreadPoolExecutor.java:659)
	at org.apache.tomcat.util.threads.TaskThread$WrappingRunnable.run(TaskThread.java:63)
	at java.base/java.lang.Thread.run(Thread.java:842)
[2025-12-23 12:57:48.236] [INFO] [http-nio-8080-exec-9] [c.z.h.HikariDataSource] - HikariPool-3 - Starting...
[2025-12-23 12:57:48.784] [INFO] [http-nio-8080-exec-9] [c.z.h.HikariDataSource] - HikariPool-3 - Start completed.
[2025-12-23 12:58:07.635] [INFO] [http-nio-8080-exec-8] [c.z.h.HikariDataSource] - HikariPool-4 - Starting...
[2025-12-23 12:58:07.723] [INFO] [http-nio-8080-exec-8] [c.z.h.HikariDataSource] - HikariPool-4 - Start completed.
[2025-12-23 12:58:13.753] [INFO] [http-nio-8080-exec-10] [c.c.u.Logging] - [main] 项目名称 '删除前端' 已插入。
[2025-12-23 12:58:13.756] [INFO] [http-nio-8080-exec-10] [c.c.u.Logging] - [main] 这是pid:------------------9
[2025-12-23 12:58:13.775] [INFO] [http-nio-8080-exec-10] [c.c.u.Logging] - [main] 收到校验请求，批次: 0, check: false
[2025-12-23 12:58:14.188] [INFO] [http-nio-8080-exec-10] [c.c.u.Logging] - [DiscoveryController] 清除之前的表结构发现
[2025-12-23 12:58:14.213] [INFO] [http-nio-8080-exec-10] [c.c.u.Logging] - [DiscoveryController] （target）正在对 postgres 数据表按照模式 public 进行表结构发现操作
[2025-12-23 12:58:14.272] [INFO] [http-nio-8080-exec-10] [c.c.u.Logging] - [DiscoveryController] (target) 已发现表: employees
[2025-12-23 12:58:14.275] [INFO] [http-nio-8080-exec-10] [c.c.u.Logging] - [DiscoveryController] (target) 已发现表: students
[2025-12-23 12:58:14.275] [INFO] [http-nio-8080-exec-10] [c.c.u.Logging] - [DiscoveryController] （target）在 postgres 数据库中发现了 2 个表，属于 public 模式
[2025-12-23 12:58:14.275] [INFO] [http-nio-8080-exec-10] [c.c.u.Logging] - [DiscoveryController] （source）正在对 mysql 数据表按照模式 testcompare 进行表结构发现操作
[2025-12-23 12:58:14.302] [INFO] [http-nio-8080-exec-10] [c.c.u.Logging] - [DiscoveryController] (source) 已发现表: employees
[2025-12-23 12:58:14.305] [INFO] [http-nio-8080-exec-10] [c.c.u.Logging] - [DiscoveryController] (source) 已发现表: students
[2025-12-23 12:58:14.305] [INFO] [http-nio-8080-exec-10] [c.c.u.Logging] - [DiscoveryController] （source）在 mysql 数据库中发现了 2 个表，属于 testcompare 模式
[2025-12-23 12:58:14.431] [INFO] [http-nio-8080-exec-10] [c.c.u.Logging] - [ColumnController] （target）正在对表 employees 中的 postgres 列进行列信息的发现操作
[2025-12-23 12:58:14.511] [INFO] [http-nio-8080-exec-10] [c.c.u.Logging] - [ColumnController] （target）已发现表 employees 中有 4 列
[2025-12-23 12:58:14.511] [INFO] [http-nio-8080-exec-10] [c.c.u.Logging] - [ColumnController] （target）正在对表 students 中的 postgres 列进行列信息的发现操作
[2025-12-23 12:58:14.529] [INFO] [http-nio-8080-exec-10] [c.c.u.Logging] - [ColumnController] （target）已发现表 students 中有 3 列
[2025-12-23 12:58:14.532] [INFO] [http-nio-8080-exec-10] [c.c.u.Logging] - [ColumnController] （source）正在对表 employees 中的 mysql 列进行列信息的发现操作
[2025-12-23 12:58:14.587] [INFO] [http-nio-8080-exec-10] [c.c.u.Logging] - [ColumnController] （source）已发现表 employees 中有 4 列
[2025-12-23 12:58:14.587] [INFO] [http-nio-8080-exec-10] [c.c.u.Logging] - [ColumnController] （source）正在对表 students 中的 mysql 列进行列信息的发现操作
[2025-12-23 12:58:14.601] [INFO] [http-nio-8080-exec-10] [c.c.u.Logging] - [ColumnController] （source）已发现表 students 中有 3 列
[2025-12-23 12:58:14.602] [INFO] [http-nio-8080-exec-10] [c.c.u.Logging] - [main] 开始校验: 0 with check: false
[2025-12-23 12:58:14.602] [INFO] [http-nio-8080-exec-10] [c.c.u.Logging] - [main] 开始执行全量校验
[2025-12-23 12:58:14.606] [INFO] [http-nio-8080-exec-10] [c.c.u.Logging] - [main] 开始对表进行校验
[2025-12-23 12:58:14.614] [INFO] [http-nio-8080-exec-10] [c.c.u.Logging] - [main] 清除数据对比结果
[2025-12-23 12:58:14.666] [INFO] [http-nio-8080-exec-10] [c.c.u.Logging] - [ColumnController] （source）为 testcompare.employees 构建列表达式
[2025-12-23 12:58:14.669] [INFO] [http-nio-8080-exec-10] [c.c.u.Logging] - [ColumnController] （target）为 public.employees 构建列表达式
[2025-12-23 12:58:14.669] [INFO] [http-nio-8080-exec-10] [c.c.u.Logging] - [ReconcileController] (源端) 列: department,name,salary
[2025-12-23 12:58:14.671] [INFO] [http-nio-8080-exec-10] [c.c.u.Logging] - [ReconcileController] (目标端) 列: department,name,salary
[2025-12-23 12:58:14.671] [INFO] [http-nio-8080-exec-10] [c.c.u.Logging] - [ReconcileController] (源端) 主键列: id
[2025-12-23 12:58:14.671] [INFO] [http-nio-8080-exec-10] [c.c.u.Logging] - [ReconcileController] (目标端) 主键列: id
[2025-12-23 12:58:14.672] [INFO] [http-nio-8080-exec-10] [c.c.u.Logging] - [ReconcileController] (源端) 比较 SQL: 
 SELECT lower(md5(coalesce(if(id=0,'0.0000000000e+00',concat(if(id<0, '-', ''),format(abs(id)/pow(10, floor(log10(abs(id)))), 10),'e',if(floor(log10(abs(id)))>=0,'+','-'),lpad(replace(replace(convert(FORMAT(floor(log10(abs(id))), 2)/100,char),'0.',''),'-',''),2,'0'))),' '))) pk_hash, concat('{','"id": ' , id,'}') pk, lower(md5(case when length(department)=0 then ' ' else coalesce(trim(department),' ') end||case when length(name)=0 then ' ' else coalesce(trim(name),' ') end||coalesce(if(salary=0,'0.0000000000e+00',concat(if(salary<0, '-', ''),format(abs(salary)/pow(10, floor(log10(abs(salary)))), 10),'e',if(floor(log10(abs(salary)))>=0,'+','-'),lpad(replace(replace(convert(FORMAT(floor(log10(abs(salary))), 2)/100,char),'0.',''),'-',''),2,'0'))),' '))) column_hash FROM testcompare.employees WHERE 1=1  

[2025-12-23 12:58:14.673] [INFO] [http-nio-8080-exec-10] [c.c.u.Logging] - [ReconcileController] (目标端) 比较 SQL: 
 SELECT md5(concat_ws('|',coalesce(trim(to_char(id,'0.9999999999EEEE')),' '))) pk_hash, '{'||'"id": ' || id||'}' pk, md5(concat_ws('',coalesce(case when length(coalesce(trim(department::text),''))=0 then ' ' else trim(department::text) end,' ')||coalesce(case when length(coalesce(trim(name::text),''))=0 then ' ' else trim(name::text) end,' ')||coalesce(trim(to_char(salary,'0.9999999999EEEE')),' '))) FROM "public".employees WHERE 1=1  

[2025-12-23 12:58:14.673] [INFO] [http-nio-8080-exec-10] [c.c.u.Logging] - [ReconcileController] 开启哈希比较线程
[2025-12-23 12:58:14.673] [INFO] [http-nio-8080-exec-10] [c.c.u.Logging] - [ReconcileController] 创建数据比较临时表
[2025-12-23 12:58:14.739] [INFO] [http-nio-8080-exec-10] [c.c.u.Logging] - [ReconcileController] 启动比较线程 0
[2025-12-23 12:58:14.755] [INFO] [Thread-6] [c.c.u.Logging] - [Observer-c428-t0] 启动比对观察者线程
[2025-12-23 12:58:14.755] [INFO] [Thread-6] [c.c.u.Logging] - [Observer-c428-t0] 正在连接存储库...
[2025-12-23 12:58:14.771] [INFO] [Thread-7] [c.c.u.Logging] - [Reconcile-source-c428-t0] （source）启动数据库对比线程
[2025-12-23 12:58:14.771] [INFO] [Thread-8] [c.c.u.Logging] - [Reconcile-target-c428-t0] （target）启动数据库对比线程
[2025-12-23 12:58:14.771] [INFO] [Thread-7] [c.c.u.Logging] - [Reconcile-source-c428-t0] (source) 正在连接存储数据库
[2025-12-23 12:58:14.771] [INFO] [Thread-8] [c.c.u.Logging] - [Reconcile-target-c428-t0] (target) 正在连接存储数据库
[2025-12-23 12:58:14.845] [INFO] [Thread-8] [c.c.u.Logging] - [Reconcile-target-c428-t0] (target) 正在连接数据库
[2025-12-23 12:58:14.855] [INFO] [Thread-7] [c.c.u.Logging] - [Reconcile-source-c428-t0] (source) 正在连接数据库
[2025-12-23 12:58:14.863] [INFO] [Thread-7] [c.c.u.Logging] - [Reconcile-source-c428-t0] 哈希校验对比总数:  2000
[2025-12-23 12:58:14.864] [INFO] [Thread-7] [c.c.u.Logging] - [Reconcile-source-c428-t0] 哈希对比从第  01 行开始
[2025-12-23 12:58:14.894] [INFO] [Thread-7] [c.c.u.Logging] - [Reconcile-source-c428-t0] （source）已完成。总共加载的数据行数：6
[2025-12-23 12:58:14.920] [INFO] [Thread-8] [c.c.u.Logging] - [Reconcile-target-c428-t0] 哈希校验对比总数:  2000
[2025-12-23 12:58:14.921] [INFO] [Thread-8] [c.c.u.Logging] - [Reconcile-target-c428-t0] 哈希对比从第  01 行开始
[2025-12-23 12:58:14.940] [INFO] [Thread-8] [c.c.u.Logging] - [Reconcile-target-c428-t0] （target）已完成。总共加载的数据行数：6
[2025-12-23 12:58:15.852] [INFO] [Thread-6] [c.c.u.Logging] - [Observer-c428-t0] 匹配了 4 行数据
[2025-12-23 12:58:16.779] [INFO] [http-nio-8080-exec-10] [c.c.u.Logging] - [ReconcileController] 等待比较线程完毕
[2025-12-23 12:58:16.779] [INFO] [http-nio-8080-exec-10] [c.c.u.Logging] - [ReconcileController] 等待校验线程完毕
[2025-12-23 12:58:17.897] [INFO] [Thread-6] [c.c.u.Logging] - [Observer-c428-t0] 清理临时表
[2025-12-23 12:58:17.944] [INFO] [http-nio-8080-exec-10] [c.c.u.Logging] - [ReconcileController] 分析：第 1 步（共 3 步） - 源端缺失
[2025-12-23 12:58:17.946] [INFO] [http-nio-8080-exec-10] [c.c.u.Logging] - [ReconcileController] 分析：第 2 步（共 3 步） - 目标端缺失
[2025-12-23 12:58:17.947] [INFO] [http-nio-8080-exec-10] [c.c.u.Logging] - [ReconcileController] 分析：第 3 步（共 3 步） - 不相同
[2025-12-23 12:58:17.959] [INFO] [http-nio-8080-exec-10] [c.c.u.Logging] - [ReconcileController] 校验完成: Table = employees; Status = out-of-sync; Equal = 4; Not Equal = 2; Missing Source = 0; Missing Target = 0
[2025-12-23 12:58:17.962] [INFO] [http-nio-8080-exec-10] [c.c.u.Logging] - [main] 开始对表进行校验
[2025-12-23 12:58:17.966] [INFO] [http-nio-8080-exec-10] [c.c.u.Logging] - [main] 清除数据对比结果
[2025-12-23 12:58:17.977] [INFO] [http-nio-8080-exec-10] [c.c.u.Logging] - [ColumnController] （source）为 testcompare.students 构建列表达式
[2025-12-23 12:58:17.978] [INFO] [http-nio-8080-exec-10] [c.c.u.Logging] - [ColumnController] （target）为 public.students 构建列表达式
[2025-12-23 12:58:17.978] [INFO] [http-nio-8080-exec-10] [c.c.u.Logging] - [ReconcileController] (源端) 列: age,name
[2025-12-23 12:58:17.978] [INFO] [http-nio-8080-exec-10] [c.c.u.Logging] - [ReconcileController] (目标端) 列: age,name
[2025-12-23 12:58:17.978] [INFO] [http-nio-8080-exec-10] [c.c.u.Logging] - [ReconcileController] (源端) 主键列: id
[2025-12-23 12:58:17.978] [INFO] [http-nio-8080-exec-10] [c.c.u.Logging] - [ReconcileController] (目标端) 主键列: id
[2025-12-23 12:58:17.978] [INFO] [http-nio-8080-exec-10] [c.c.u.Logging] - [ReconcileController] (源端) 比较 SQL: 
 SELECT lower(md5(coalesce(if(id=0,'0.0000000000e+00',concat(if(id<0, '-', ''),format(abs(id)/pow(10, floor(log10(abs(id)))), 10),'e',if(floor(log10(abs(id)))>=0,'+','-'),lpad(replace(replace(convert(FORMAT(floor(log10(abs(id))), 2)/100,char),'0.',''),'-',''),2,'0'))),' '))) pk_hash, concat('{','"id": ' , id,'}') pk, lower(md5(coalesce(if(age=0,'0.0000000000e+00',concat(if(age<0, '-', ''),format(abs(age)/pow(10, floor(log10(abs(age)))), 10),'e',if(floor(log10(abs(age)))>=0,'+','-'),lpad(replace(replace(convert(FORMAT(floor(log10(abs(age))), 2)/100,char),'0.',''),'-',''),2,'0'))),' ')||case when length(name)=0 then ' ' else coalesce(trim(name),' ') end)) column_hash FROM testcompare.students WHERE 1=1  

[2025-12-23 12:58:17.978] [INFO] [http-nio-8080-exec-10] [c.c.u.Logging] - [ReconcileController] (目标端) 比较 SQL: 
 SELECT md5(concat_ws('|',coalesce(trim(to_char(id,'0.9999999999EEEE')),' '))) pk_hash, '{'||'"id": ' || id||'}' pk, md5(concat_ws('',coalesce(trim(to_char(age,'0.9999999999EEEE')),' ')||coalesce(case when length(coalesce(trim(name::text),''))=0 then ' ' else trim(name::text) end,' '))) FROM "public".students WHERE 1=1  

[2025-12-23 12:58:17.978] [INFO] [http-nio-8080-exec-10] [c.c.u.Logging] - [ReconcileController] 开启哈希比较线程
[2025-12-23 12:58:17.978] [INFO] [http-nio-8080-exec-10] [c.c.u.Logging] - [ReconcileController] 创建数据比较临时表
[2025-12-23 12:58:18.015] [INFO] [http-nio-8080-exec-10] [c.c.u.Logging] - [ReconcileController] 启动比较线程 0
[2025-12-23 12:58:18.017] [INFO] [Thread-9] [c.c.u.Logging] - [Observer-c429-t0] 启动比对观察者线程
[2025-12-23 12:58:18.017] [INFO] [Thread-10] [c.c.u.Logging] - [Reconcile-source-c429-t0] （source）启动数据库对比线程
[2025-12-23 12:58:18.017] [INFO] [Thread-11] [c.c.u.Logging] - [Reconcile-target-c429-t0] （target）启动数据库对比线程
[2025-12-23 12:58:18.017] [INFO] [Thread-9] [c.c.u.Logging] - [Observer-c429-t0] 正在连接存储库...
[2025-12-23 12:58:18.017] [INFO] [Thread-10] [c.c.u.Logging] - [Reconcile-source-c429-t0] (source) 正在连接存储数据库
[2025-12-23 12:58:18.017] [INFO] [Thread-11] [c.c.u.Logging] - [Reconcile-target-c429-t0] (target) 正在连接存储数据库
[2025-12-23 12:58:18.109] [INFO] [Thread-10] [c.c.u.Logging] - [Reconcile-source-c429-t0] (source) 正在连接数据库
[2025-12-23 12:58:18.117] [INFO] [Thread-10] [c.c.u.Logging] - [Reconcile-source-c429-t0] 哈希校验对比总数:  2000
[2025-12-23 12:58:18.117] [INFO] [Thread-10] [c.c.u.Logging] - [Reconcile-source-c429-t0] 哈希对比从第  01 行开始
[2025-12-23 12:58:18.129] [INFO] [Thread-10] [c.c.u.Logging] - [Reconcile-source-c429-t0] （source）已完成。总共加载的数据行数：5
[2025-12-23 12:58:18.137] [INFO] [Thread-11] [c.c.u.Logging] - [Reconcile-target-c429-t0] (target) 正在连接数据库
[2025-12-23 12:58:18.210] [INFO] [Thread-11] [c.c.u.Logging] - [Reconcile-target-c429-t0] 哈希校验对比总数:  2000
[2025-12-23 12:58:18.210] [INFO] [Thread-11] [c.c.u.Logging] - [Reconcile-target-c429-t0] 哈希对比从第  01 行开始
[2025-12-23 12:58:18.220] [INFO] [Thread-11] [c.c.u.Logging] - [Reconcile-target-c429-t0] （target）已完成。总共加载的数据行数：5
[2025-12-23 12:58:19.163] [INFO] [Thread-9] [c.c.u.Logging] - [Observer-c429-t0] 匹配了 2 行数据
[2025-12-23 12:58:20.020] [INFO] [http-nio-8080-exec-10] [c.c.u.Logging] - [ReconcileController] 等待比较线程完毕
[2025-12-23 12:58:20.020] [INFO] [http-nio-8080-exec-10] [c.c.u.Logging] - [ReconcileController] 等待校验线程完毕
[2025-12-23 12:58:21.179] [INFO] [Thread-9] [c.c.u.Logging] - [Observer-c429-t0] 清理临时表
[2025-12-23 12:58:21.206] [INFO] [http-nio-8080-exec-10] [c.c.u.Logging] - [ReconcileController] 分析：第 1 步（共 3 步） - 源端缺失
[2025-12-23 12:58:21.209] [INFO] [http-nio-8080-exec-10] [c.c.u.Logging] - [ReconcileController] 分析：第 2 步（共 3 步） - 目标端缺失
[2025-12-23 12:58:21.211] [INFO] [http-nio-8080-exec-10] [c.c.u.Logging] - [ReconcileController] 分析：第 3 步（共 3 步） - 不相同
[2025-12-23 12:58:21.214] [INFO] [http-nio-8080-exec-10] [c.c.u.Logging] - [ReconcileController] 校验完成: Table = students; Status = out-of-sync; Equal = 2; Not Equal = 3; Missing Source = 0; Missing Target = 0
[2025-12-23 12:58:21.217] [INFO] [http-nio-8080-exec-10] [c.c.u.Logging] - [main] 收到校验请求，批次: 0, check: true
[2025-12-23 12:58:21.356] [INFO] [http-nio-8080-exec-10] [c.c.u.Logging] - [main] 开始校验: 0 with check: true
[2025-12-23 12:58:21.356] [INFO] [http-nio-8080-exec-10] [c.c.u.Logging] - [main] 开始执行全量校验
[2025-12-23 12:58:21.376] [INFO] [http-nio-8080-exec-10] [c.c.u.Logging] - [main] 开始对表进行校验
[2025-12-23 12:58:21.390] [INFO] [http-nio-8080-exec-10] [c.c.u.Logging] - [ColumnController] （source）为 testcompare.employees 构建列表达式
[2025-12-23 12:58:21.390] [INFO] [http-nio-8080-exec-10] [c.c.u.Logging] - [ColumnController] （target）为 public.employees 构建列表达式
[2025-12-23 12:58:21.390] [INFO] [http-nio-8080-exec-10] [c.c.u.Logging] - [ReconcileController] (源端) 列: department,name,salary
[2025-12-23 12:58:21.390] [INFO] [http-nio-8080-exec-10] [c.c.u.Logging] - [ReconcileController] (目标端) 列: department,name,salary
[2025-12-23 12:58:21.390] [INFO] [http-nio-8080-exec-10] [c.c.u.Logging] - [ReconcileController] (源端) 主键列: id
[2025-12-23 12:58:21.390] [INFO] [http-nio-8080-exec-10] [c.c.u.Logging] - [ReconcileController] (目标端) 主键列: id
[2025-12-23 12:58:21.391] [INFO] [http-nio-8080-exec-10] [c.c.u.Logging] - [ReconcileController] (源端) 比较 SQL: 
 SELECT coalesce(if(id=0,'0.0000000000e+00',concat(if(id<0, '-', ''),format(abs(id)/pow(10, floor(log10(abs(id)))), 10),'e',if(floor(log10(abs(id)))>=0,'+','-'),lpad(replace(replace(convert(FORMAT(floor(log10(abs(id))), 2)/100,char),'0.',''),'-',''),2,'0'))),' ') pk_hash, concat('{','"id": ' , id,'}') pk, case when length(department)=0 then ' ' else coalesce(trim(department),' ') end as department,case when length(name)=0 then ' ' else coalesce(trim(name),' ') end as name,coalesce(if(salary=0,'0.0000000000e+00',concat(if(salary<0, '-', ''),format(abs(salary)/pow(10, floor(log10(abs(salary)))), 10),'e',if(floor(log10(abs(salary)))>=0,'+','-'),lpad(replace(replace(convert(FORMAT(floor(log10(abs(salary))), 2)/100,char),'0.',''),'-',''),2,'0'))),' ') as salary FROM testcompare.employees WHERE 1=1  

[2025-12-23 12:58:21.391] [INFO] [http-nio-8080-exec-10] [c.c.u.Logging] - [ReconcileController] (目标端) 比较 SQL: 
 SELECT coalesce(trim(to_char(id,'0.9999999999EEEE')),' ') pk_hash, '{'||'"id": ' || id||'}' pk, coalesce(case when length(coalesce(trim(department::text),''))=0 then ' ' else trim(department::text) end,' ') as department,coalesce(case when length(coalesce(trim(name::text),''))=0 then ' ' else trim(name::text) end,' ') as name,coalesce(trim(to_char(salary,'0.9999999999EEEE')),' ') as salary FROM "public".employees WHERE 1=1  

[2025-12-23 12:58:21.391] [INFO] [http-nio-8080-exec-10] [c.c.u.Logging] - [ReconcileController] 正在进行检查对比中，请耐心等待---------------------------
[2025-12-23 12:58:21.411] [INFO] [http-nio-8080-exec-10] [c.c.u.Logging] - [ReconcileCheck] 检查差异的数据总数:  1000
[2025-12-23 12:58:21.446] [INFO] [http-nio-8080-exec-10] [c.c.u.Logging] - [ReconcileCheck] 检查对比完成
[2025-12-23 12:58:21.448] [INFO] [http-nio-8080-exec-10] [c.c.u.Logging] - [main] 开始对表进行校验
[2025-12-23 12:58:21.454] [INFO] [http-nio-8080-exec-10] [c.c.u.Logging] - [ColumnController] （source）为 testcompare.students 构建列表达式
[2025-12-23 12:58:21.454] [INFO] [http-nio-8080-exec-10] [c.c.u.Logging] - [ColumnController] （target）为 public.students 构建列表达式
[2025-12-23 12:58:21.454] [INFO] [http-nio-8080-exec-10] [c.c.u.Logging] - [ReconcileController] (源端) 列: age,name
[2025-12-23 12:58:21.454] [INFO] [http-nio-8080-exec-10] [c.c.u.Logging] - [ReconcileController] (目标端) 列: age,name
[2025-12-23 12:58:21.454] [INFO] [http-nio-8080-exec-10] [c.c.u.Logging] - [ReconcileController] (源端) 主键列: id
[2025-12-23 12:58:21.454] [INFO] [http-nio-8080-exec-10] [c.c.u.Logging] - [ReconcileController] (目标端) 主键列: id
[2025-12-23 12:58:21.454] [INFO] [http-nio-8080-exec-10] [c.c.u.Logging] - [ReconcileController] (源端) 比较 SQL: 
 SELECT coalesce(if(id=0,'0.0000000000e+00',concat(if(id<0, '-', ''),format(abs(id)/pow(10, floor(log10(abs(id)))), 10),'e',if(floor(log10(abs(id)))>=0,'+','-'),lpad(replace(replace(convert(FORMAT(floor(log10(abs(id))), 2)/100,char),'0.',''),'-',''),2,'0'))),' ') pk_hash, concat('{','"id": ' , id,'}') pk, coalesce(if(age=0,'0.0000000000e+00',concat(if(age<0, '-', ''),format(abs(age)/pow(10, floor(log10(abs(age)))), 10),'e',if(floor(log10(abs(age)))>=0,'+','-'),lpad(replace(replace(convert(FORMAT(floor(log10(abs(age))), 2)/100,char),'0.',''),'-',''),2,'0'))),' ') as age,case when length(name)=0 then ' ' else coalesce(trim(name),' ') end as name FROM testcompare.students WHERE 1=1  

[2025-12-23 12:58:21.454] [INFO] [http-nio-8080-exec-10] [c.c.u.Logging] - [ReconcileController] (目标端) 比较 SQL: 
 SELECT coalesce(trim(to_char(id,'0.9999999999EEEE')),' ') pk_hash, '{'||'"id": ' || id||'}' pk, coalesce(trim(to_char(age,'0.9999999999EEEE')),' ') as age,coalesce(case when length(coalesce(trim(name::text),''))=0 then ' ' else trim(name::text) end,' ') as name FROM "public".students WHERE 1=1  

[2025-12-23 12:58:21.454] [INFO] [http-nio-8080-exec-10] [c.c.u.Logging] - [ReconcileController] 正在进行检查对比中，请耐心等待---------------------------
[2025-12-23 12:58:21.454] [INFO] [http-nio-8080-exec-10] [c.c.u.Logging] - [ReconcileCheck] 检查差异的数据总数:  1000
[2025-12-23 12:58:21.474] [INFO] [http-nio-8080-exec-10] [c.c.u.Logging] - [ReconcileCheck] 检查对比完成
[2025-12-23 12:58:21.475] [INFO] [http-nio-8080-exec-10] [c.c.u.Logging] - [main] 校验完成，批次号: 0
[2025-12-23 14:38:28.275] [INFO] [SpringApplicationShutdownHook] [c.z.h.HikariDataSource] - HikariPool-1 - Shutdown initiated...
[2025-12-23 14:38:28.326] [INFO] [SpringApplicationShutdownHook] [c.z.h.HikariDataSource] - HikariPool-1 - Shutdown completed.
